<?xml version="1.0" encoding="UTF-8"?>
<!-- Generated by org.testng.reporters.JUnitXMLReporter -->
<testsuite hostname="DESKTOP-587759Q" ignored="0" name="Test" tests="4" failures="2" timestamp="19 Aug 2017 07:00:40 GMT" time="22.344" errors="0">
  <testcase name="checkHomePageTitle" time="6.555" classname="com.bitm.selenium4thbatch.Test.LoginTest"/>
  <testcase name="checkFlightFindPageTitle" time="0.017" classname="com.bitm.selenium4thbatch.Test.FlightFindTest">
    <failure type="java.lang.AssertionError" message="expected [Find a Flight: Mercury Tours:] but found [Welcome: Mercury Tours]">
      <![CDATA[java.lang.AssertionError: expected [Find a Flight: Mercury Tours:] but found [Welcome: Mercury Tours]
	at com.bitm.selenium4thbatch.Test.FlightFindTest.checkFlightFindPageTitle(FlightFindTest.java:32)
... Removed 31 stack frames]]>
    </failure>
  </testcase> <!-- checkFlightFindPageTitle -->
  <testcase name="loginTest" time="4.48" classname="com.bitm.selenium4thbatch.Test.LoginTest"/>
  <testcase name="flightfindTest" time="10.887" classname="com.bitm.selenium4thbatch.Test.FlightFindTest">
    <failure type="org.openqa.selenium.WebDriverException" message="Failed to decode response from marionette
Build info: version: &amp;apos;3.4.0&amp;apos;, revision: &amp;apos;unknown&amp;apos;, time: &amp;apos;unknown&amp;apos;
System info: host: &amp;apos;DESKTOP-587759Q&amp;apos;, ip: &amp;apos;192.168.89.2&amp;apos;, os.name: &amp;apos;Windows 10&amp;apos;, os.arch: &amp;apos;amd64&amp;apos;, os.version: &amp;apos;10.0&amp;apos;, java.version: &amp;apos;1.8.0_121&amp;apos;
Driver info: org.openqa.selenium.firefox.FirefoxDriver
Capabilities [{moz:profile=C:\Users\SELENI~1\AppData\Local\Temp\rust_mozprofile.9iJWgqAsNn1C, rotatable=false, timeouts={implicit=0.0, pageLoad=300000.0, script=30000.0}, pageLoadStrategy=normal, platform=ANY, specificationLevel=0.0, moz:accessibilityChecks=false, acceptInsecureCerts=false, browserVersion=54.0.1, platformVersion=10.0, moz:processID=1036.0, browserName=firefox, javascriptEnabled=true, platformName=windows_nt}]
Session ID: 96ebe03b-8949-492a-88ac-dff023922bf0
*** Element info: {Using=xpath, value=.//option[@value = &amp;quot;Blue Skies Airlines&amp;quot;]}">
      <![CDATA[org.openqa.selenium.WebDriverException: Failed to decode response from marionette
Build info: version: '3.4.0', revision: 'unknown', time: 'unknown'
System info: host: 'DESKTOP-587759Q', ip: '192.168.89.2', os.name: 'Windows 10', os.arch: 'amd64', os.version: '10.0', java.version: '1.8.0_121'
Driver info: org.openqa.selenium.firefox.FirefoxDriver
Capabilities [{moz:profile=C:\Users\SELENI~1\AppData\Local\Temp\rust_mozprofile.9iJWgqAsNn1C, rotatable=false, timeouts={implicit=0.0, pageLoad=300000.0, script=30000.0}, pageLoadStrategy=normal, platform=ANY, specificationLevel=0.0, moz:accessibilityChecks=false, acceptInsecureCerts=false, browserVersion=54.0.1, platformVersion=10.0, moz:processID=1036.0, browserName=firefox, javascriptEnabled=true, platformName=windows_nt}]
Session ID: 96ebe03b-8949-492a-88ac-dff023922bf0
*** Element info: {Using=xpath, value=.//option[@value = "Blue Skies Airlines"]}
	at org.openqa.selenium.remote.http.W3CHttpResponseCodec.createException(W3CHttpResponseCodec.java:150)
	at org.openqa.selenium.remote.http.W3CHttpResponseCodec.decode(W3CHttpResponseCodec.java:115)
	at org.openqa.selenium.remote.http.W3CHttpResponseCodec.decode(W3CHttpResponseCodec.java:45)
	at org.openqa.selenium.remote.HttpCommandExecutor.execute(HttpCommandExecutor.java:164)
	at org.openqa.selenium.remote.service.DriverCommandExecutor.execute(DriverCommandExecutor.java:82)
	at org.openqa.selenium.remote.RemoteWebDriver.execute(RemoteWebDriver.java:637)
	at org.openqa.selenium.remote.RemoteWebElement.execute(RemoteWebElement.java:272)
	at org.openqa.selenium.remote.RemoteWebElement.findElements(RemoteWebElement.java:191)
	at org.openqa.selenium.remote.RemoteWebElement.findElementsByXPath(RemoteWebElement.java:252)
	at org.openqa.selenium.By$ByXPath.findElements(By.java:356)
	at org.openqa.selenium.remote.RemoteWebElement.findElements(RemoteWebElement.java:167)
	at org.openqa.selenium.support.ui.Select.selectByValue(Select.java:196)
	at com.bitm.selenium4thbatch.Test.FlightFindTest.flightfindTest(FlightFindTest.java:52)
... Removed 29 stack frames]]>
    </failure>
  </testcase> <!-- flightfindTest -->
</testsuite> <!-- Test -->
